[INFO ] 2023-08-22 14:15:50.844 [main] GTPLBanking - maximize the window
[INFO ] 2023-08-22 14:15:51.021 [main] GTPLBanking - implicit wait for 20 second
[INFO ] 2023-08-22 14:15:51.029 [main] GTPLBanking - Login to the browser
[INFO ] 2023-08-22 14:15:59.904 [main] GTPLBanking - enter username
[INFO ] 2023-08-22 14:16:00.102 [main] GTPLBanking - enter password
[INFO ] 2023-08-22 14:16:00.247 [main] GTPLBanking - enter login
[INFO ] 2023-08-22 14:16:03.587 [main] GTPLBanking - verify the title
[INFO ] 2023-08-22 14:16:03.606 [main] GTPLBanking - title is verified
[INFO ] 2023-08-22 14:16:03.614 [main] GTPLBanking - closing the browser
[INFO ] 2023-08-22 17:14:02.293 [main] GTPLBanking - maximize the window
[INFO ] 2023-08-22 17:14:02.470 [main] GTPLBanking - implicit wait for 20 second
[INFO ] 2023-08-22 17:14:02.539 [main] GTPLBanking - Login to the browser
[INFO ] 2023-08-22 17:14:11.848 [main] GTPLBanking - enter username
[INFO ] 2023-08-22 17:14:12.030 [main] GTPLBanking - enter password
[INFO ] 2023-08-22 17:14:12.146 [main] GTPLBanking - enter login
[INFO ] 2023-08-22 17:14:15.448 [main] GTPLBanking - verify the title
[INFO ] 2023-08-22 17:14:15.468 [main] GTPLBanking - title is verified
[INFO ] 2023-08-22 17:14:15.478 [main] GTPLBanking - closing the browser
[INFO ] 2023-08-22 17:45:37.057 [main] GTPLBanking - maximize the window
[INFO ] 2023-08-22 17:45:37.300 [main] GTPLBanking - implicit wait for 20 second
[INFO ] 2023-08-22 17:45:37.306 [main] GTPLBanking - Login to the browser
[INFO ] 2023-08-22 17:45:46.501 [main] GTPLBanking - enter username
[INFO ] 2023-08-22 17:45:46.637 [main] GTPLBanking - enter password
[INFO ] 2023-08-22 17:45:46.775 [main] GTPLBanking - enter login
[INFO ] 2023-08-22 17:45:49.032 [main] GTPLBanking - verify the title
[INFO ] 2023-08-22 17:45:49.050 [main] GTPLBanking - title is verified
[INFO ] 2023-08-22 17:45:49.073 [main] GTPLBanking - closing the browser
[INFO ] 2023-08-22 20:31:05.332 [main] GTPLBanking - maximize the window
[INFO ] 2023-08-22 20:31:05.495 [main] GTPLBanking - implicit wait for 20 second
[INFO ] 2023-08-22 20:31:05.510 [main] GTPLBanking - Login to the browser
[INFO ] 2023-08-22 20:31:18.902 [main] GTPLBanking - enter username
[INFO ] 2023-08-22 20:31:19.116 [main] GTPLBanking - enter password
[INFO ] 2023-08-22 20:31:19.223 [main] GTPLBanking - enter login
[INFO ] 2023-08-22 20:31:20.085 [main] GTPLBanking - verify the title
[INFO ] 2023-08-22 20:31:25.718 [main] GTPLBanking - closing the browser
[INFO ] 2023-08-22 20:34:30.574 [main] GTPLBanking - maximize the window
[INFO ] 2023-08-22 20:34:30.722 [main] GTPLBanking - implicit wait for 20 second
[INFO ] 2023-08-22 20:34:30.736 [main] GTPLBanking - Login to the browser
[INFO ] 2023-08-22 20:34:49.638 [main] GTPLBanking - enter username
[INFO ] 2023-08-22 20:34:49.838 [main] GTPLBanking - enter password
[INFO ] 2023-08-22 20:34:49.947 [main] GTPLBanking - enter login
[INFO ] 2023-08-22 20:34:51.122 [main] GTPLBanking - verify the title
[INFO ] 2023-08-22 20:34:54.449 [main] GTPLBanking - closing the browser
